SF:lib\models\products.dart
DA:15,8
DA:27,2
DA:28,2
DA:30,4
DA:31,2
DA:34,2
DA:35,3
DA:36,4
DA:37,4
DA:38,4
DA:39,4
DA:40,4
DA:41,4
DA:43,10
DA:44,1
DA:45,2
DA:46,3
DA:47,1
DA:48,1
DA:52,2
DA:53,1
DA:54,1
DA:55,1
DA:56,1
DA:57,1
DA:58,1
DA:59,1
DA:66,1
DA:69,2
DA:70,1
DA:71,1
DA:72,2
DA:73,2
DA:74,0
DA:75,1
DA:76,0
DA:78,0
DA:79,0
DA:80,0
DA:81,0
DA:85,0
LF:41
LH:34
end_of_record
SF:lib\Repositories\union_shop_repository.dart
DA:4,2
DA:5,4
DA:8,1
DA:9,1
DA:12,1
DA:13,1
DA:16,2
DA:17,2
DA:20,2
DA:21,2
DA:24,2
DA:25,2
DA:28,1
DA:29,1
DA:32,1
LF:15
LH:15
end_of_record
SF:lib\Repositories\cart_manager.dart
DA:10,5
DA:17,4
DA:18,24
DA:19,16
DA:23,12
DA:25,36
DA:29,33
DA:31,5
DA:33,11
DA:34,5
DA:35,3
DA:36,3
DA:37,5
DA:38,5
DA:40,10
DA:42,5
DA:45,2
DA:46,4
DA:47,2
DA:50,2
DA:51,4
DA:52,2
DA:53,8
DA:54,2
DA:58,3
DA:59,6
DA:60,3
DA:61,9
DA:62,3
DA:66,18
DA:68,6
DA:69,12
DA:70,6
LF:33
LH:33
end_of_record
SF:lib\views\about_us.dart
DA:5,2
DA:7,1
LF:2
LH:2
end_of_record
SF:lib\views\widgets\common_widgets.dart
DA:7,2
DA:9,11
DA:12,11
DA:16,33
DA:18,33
DA:19,22
DA:20,22
DA:21,22
DA:22,22
DA:24,11
DA:26,11
DA:27,11
DA:29,11
DA:31,11
DA:33,11
DA:45,11
DA:48,11
DA:49,11
DA:50,11
DA:51,0
DA:52,0
DA:54,11
DA:55,11
DA:57,11
DA:60,2
DA:61,2
DA:62,2
DA:71,11
DA:72,11
DA:74,11
DA:75,11
DA:76,11
DA:77,1
DA:78,2
DA:80,11
DA:82,11
DA:89,11
DA:90,1
DA:91,2
DA:93,11
DA:95,11
DA:103,2
DA:107,11
DA:109,11
DA:111,11
DA:112,11
DA:113,11
DA:118,11
DA:123,11
DA:124,11
DA:126,11
DA:127,11
DA:132,11
DA:137,0
DA:138,0
DA:141,11
DA:142,11
DA:143,11
DA:144,22
DA:145,26
DA:146,11
DA:148,11
DA:149,11
DA:150,11
DA:155,11
DA:160,2
DA:161,1
DA:163,11
DA:164,5
DA:168,5
DA:174,5
DA:176,5
DA:177,5
DA:180,5
DA:181,5
DA:182,10
DA:196,2
DA:197,2
DA:198,2
DA:199,2
DA:200,2
DA:203,2
DA:205,2
DA:210,1
DA:211,1
DA:212,1
DA:213,1
DA:215,1
DA:216,1
DA:220,4
DA:223,1
DA:231,1
DA:232,1
DA:233,1
DA:234,1
DA:238,1
DA:241,1
DA:243,1
DA:244,1
DA:245,1
DA:246,1
DA:247,1
DA:248,1
DA:249,1
DA:252,1
DA:269,1
DA:270,0
DA:271,0
DA:272,0
DA:273,0
DA:274,0
DA:277,1
DA:320,2
DA:322,8
DA:324,8
DA:326,8
DA:347,2
DA:349,2
DA:351,2
DA:352,2
DA:358,0
DA:359,0
DA:360,0
DA:361,0
DA:366,2
DA:368,4
DA:369,2
DA:372,4
DA:374,2
DA:377,2
DA:379,2
DA:384,2
DA:385,0
DA:386,0
DA:387,0
DA:389,2
DA:392,2
DA:393,2
DA:395,0
DA:396,0
DA:405,2
DA:415,2
DA:416,0
DA:417,0
DA:419,2
DA:422,2
DA:423,2
DA:424,2
DA:427,2
DA:431,2
DA:435,2
DA:437,2
DA:438,2
DA:439,6
DA:440,2
DA:441,4
DA:445,4
DA:450,4
DA:451,2
DA:452,16
LF:160
LH:140
end_of_record
SF:lib\views\cart.dart
DA:6,0
DA:8,0
DA:10,0
DA:13,0
DA:14,0
DA:23,6
DA:25,3
DA:26,3
DA:30,3
DA:32,3
DA:34,3
DA:36,3
DA:38,3
DA:39,3
DA:40,3
DA:41,2
DA:42,2
DA:44,2
DA:47,2
DA:48,0
DA:56,3
DA:58,3
DA:59,3
DA:60,3
DA:61,3
DA:62,3
DA:63,0
DA:64,3
DA:65,3
DA:66,3
DA:68,3
DA:70,3
DA:71,3
DA:72,3
DA:73,6
DA:77,0
DA:80,0
DA:86,3
DA:87,3
DA:89,3
DA:90,9
DA:94,9
DA:100,3
DA:101,3
DA:102,12
DA:106,3
DA:108,4
DA:115,3
DA:116,3
DA:118,3
DA:122,3
DA:123,3
DA:124,3
DA:134,3
DA:135,3
DA:138,9
DA:139,6
DA:142,9
DA:144,3
DA:146,3
DA:147,3
DA:148,2
DA:149,2
DA:155,3
DA:157,3
DA:158,3
DA:159,3
DA:161,3
DA:162,3
DA:163,3
DA:164,3
DA:166,1
DA:167,1
DA:168,2
DA:173,3
DA:176,9
DA:178,3
DA:180,1
DA:181,1
DA:182,2
DA:202,3
DA:205,3
DA:206,3
DA:207,3
DA:208,3
DA:209,3
DA:210,3
DA:211,3
DA:212,9
DA:216,3
DA:217,1
DA:218,1
DA:220,2
DA:222,1
DA:223,3
DA:224,1
DA:225,1
DA:226,1
DA:227,2
DA:229,1
DA:230,1
DA:231,2
DA:237,1
DA:239,1
DA:240,1
DA:242,3
DA:243,1
DA:244,2
LF:108
LH:99
end_of_record
SF:lib\views\not_found.dart
DA:6,2
DA:8,1
LF:2
LH:2
end_of_record
SF:lib\views\authentication.dart
DA:5,2
DA:7,1
DA:8,1
DA:18,1
DA:20,2
DA:21,2
DA:22,2
DA:23,1
DA:26,1
DA:27,3
DA:28,3
DA:29,3
DA:32,3
DA:33,1
DA:34,2
DA:39,2
DA:43,1
DA:44,2
DA:50,1
DA:51,2
DA:54,1
DA:55,1
DA:56,1
DA:62,1
DA:63,1
DA:66,2
DA:72,1
DA:74,1
DA:76,1
DA:77,1
DA:79,1
DA:80,1
DA:81,1
DA:83,1
DA:91,1
DA:92,1
DA:98,1
DA:101,1
DA:102,1
DA:109,1
DA:112,1
DA:113,1
DA:114,1
DA:115,1
DA:119,1
DA:120,1
DA:121,1
DA:123,5
DA:126,1
DA:129,1
DA:130,1
DA:137,1
DA:138,1
DA:140,2
DA:141,2
DA:142,2
DA:143,2
LF:57
LH:57
end_of_record
SF:lib\models\collections.dart
DA:10,2
DA:17,2
DA:18,2
DA:19,2
DA:20,4
DA:21,4
DA:22,4
DA:27,0
DA:28,0
DA:29,0
DA:30,0
DA:34,2
DA:36,4
DA:37,2
DA:38,8
LF:15
LH:11
end_of_record
SF:lib\views\collections.dart
DA:6,0
DA:8,1
DA:10,1
DA:13,1
DA:14,1
DA:23,2
DA:25,1
DA:26,1
DA:31,1
DA:33,1
DA:34,1
DA:38,1
DA:40,1
DA:41,4
DA:42,2
DA:43,2
DA:44,3
DA:47,1
DA:48,2
DA:49,1
DA:54,1
DA:58,3
DA:59,2
DA:61,1
DA:63,1
DA:64,1
DA:65,1
DA:84,1
DA:87,1
DA:90,1
DA:96,2
DA:97,1
DA:98,2
DA:99,1
DA:100,1
DA:101,1
DA:121,1
DA:129,1
DA:131,1
DA:132,1
DA:133,3
DA:134,3
DA:136,1
DA:139,1
DA:140,1
DA:141,1
DA:142,2
DA:143,1
DA:144,1
DA:146,0
DA:147,0
DA:148,0
DA:149,0
DA:150,0
DA:151,0
DA:156,1
DA:157,1
DA:158,1
DA:159,1
DA:160,2
LF:60
LH:53
end_of_record
SF:lib\views\home_page.dart
DA:15,0
DA:17,1
DA:19,1
DA:22,1
DA:23,1
DA:30,1
DA:31,0
DA:32,0
DA:33,0
DA:34,0
DA:37,0
DA:38,0
DA:42,0
DA:45,0
DA:46,0
DA:49,0
DA:52,0
DA:53,0
DA:54,0
DA:56,0
DA:57,0
DA:58,0
DA:59,0
DA:60,0
DA:68,0
DA:69,0
DA:76,0
DA:77,0
DA:78,0
DA:79,0
DA:81,0
DA:82,0
DA:83,0
DA:90,0
DA:91,0
DA:92,0
DA:100,3
DA:101,0
DA:104,1
DA:106,1
DA:107,1
DA:111,1
DA:115,1
DA:117,1
DA:120,1
DA:122,1
DA:123,1
DA:124,4
DA:125,2
DA:126,2
DA:127,5
DA:131,1
DA:132,2
DA:139,0
DA:140,0
DA:143,1
DA:145,3
DA:147,1
DA:149,3
DA:151,5
DA:153,1
DA:155,3
DA:157,5
DA:159,1
DA:161,1
DA:163,1
DA:164,1
DA:165,1
DA:167,1
DA:170,1
DA:171,1
DA:173,1
DA:174,1
DA:183,1
DA:192,1
DA:196,1
DA:198,1
DA:219,1
DA:220,1
DA:221,2
DA:223,1
DA:243,1
DA:245,1
DA:247,1
DA:248,1
DA:257,1
DA:259,1
DA:262,1
DA:263,1
DA:268,1
DA:272,1
DA:279,1
DA:280,1
DA:282,1
DA:285,1
DA:286,1
DA:293,2
DA:305,1
DA:307,1
DA:309,1
DA:310,1
DA:319,1
DA:321,1
DA:324,1
DA:325,1
DA:330,1
DA:334,1
DA:341,1
DA:342,1
DA:344,1
DA:347,1
DA:348,1
DA:355,2
LF:113
LH:79
end_of_record
SF:lib\views\products_page.dart
DA:11,0
DA:13,0
DA:18,0
DA:19,0
DA:28,0
DA:30,0
DA:32,0
DA:35,0
DA:37,0
DA:38,0
DA:39,0
DA:40,0
DA:41,0
DA:44,0
DA:45,0
DA:46,0
DA:51,0
DA:53,0
DA:54,0
DA:58,0
DA:59,0
DA:60,0
DA:63,0
DA:65,0
DA:67,0
DA:68,0
DA:69,0
DA:70,0
DA:71,0
DA:72,0
DA:73,0
DA:76,0
DA:78,0
DA:80,0
DA:81,0
DA:82,0
DA:83,0
DA:85,0
DA:86,0
DA:87,0
DA:92,0
DA:94,0
DA:95,0
DA:117,0
DA:122,0
DA:124,0
DA:126,0
DA:131,0
DA:133,0
DA:135,0
DA:137,0
DA:138,0
DA:140,0
DA:141,0
DA:143,0
DA:145,0
DA:151,0
DA:153,0
DA:155,0
DA:157,0
DA:158,0
DA:159,0
DA:179,0
DA:181,0
DA:183,0
DA:184,0
DA:187,0
DA:191,0
DA:197,0
DA:198,0
DA:199,0
DA:200,0
DA:201,0
LF:73
LH:0
end_of_record
SF:lib\views\product_page.dart
DA:10,1
DA:12,1
DA:13,1
DA:24,1
DA:26,1
DA:30,3
DA:32,2
DA:33,2
DA:34,1
DA:35,1
DA:36,2
DA:39,2
DA:40,0
DA:42,3
DA:43,3
DA:46,1
DA:48,2
DA:49,0
DA:60,4
DA:62,3
DA:63,1
DA:65,1
DA:67,1
DA:68,1
DA:69,1
DA:70,1
DA:71,1
DA:72,0
DA:75,0
DA:76,0
DA:77,0
DA:87,1
DA:89,1
DA:92,1
DA:93,1
DA:95,1
DA:97,1
DA:98,2
DA:99,1
DA:101,1
DA:102,1
DA:103,1
DA:104,1
DA:106,0
DA:107,0
DA:117,1
DA:119,1
DA:120,1
DA:121,1
DA:125,1
DA:126,1
DA:127,2
DA:128,1
DA:129,3
DA:133,3
DA:134,1
DA:135,2
DA:148,1
DA:149,1
DA:151,1
DA:153,1
DA:155,1
DA:158,1
DA:160,1
DA:161,2
DA:162,1
DA:165,1
DA:166,1
DA:167,1
DA:168,1
DA:169,2
DA:170,2
DA:171,1
DA:172,4
DA:182,1
DA:184,1
DA:186,1
DA:189,1
DA:191,1
DA:192,2
DA:193,1
DA:196,1
DA:197,1
DA:198,1
DA:199,1
DA:200,2
DA:201,2
DA:202,1
DA:203,4
DA:213,1
DA:215,1
DA:217,1
DA:221,1
DA:223,1
DA:224,2
DA:225,1
DA:228,1
DA:230,1
DA:231,1
DA:233,3
DA:234,4
DA:237,3
DA:239,1
DA:241,3
DA:242,2
DA:256,1
DA:257,1
DA:262,1
DA:264,1
DA:266,1
DA:267,1
DA:268,1
DA:271,1
DA:273,2
DA:275,1
DA:278,1
DA:279,2
DA:282,3
DA:283,3
DA:284,3
DA:286,4
DA:289,1
DA:290,1
DA:291,3
DA:293,1
DA:294,3
DA:300,1
DA:301,2
DA:303,1
DA:304,1
DA:318,2
DA:324,1
DA:326,1
DA:327,1
DA:328,1
DA:329,1
DA:333,0
DA:335,0
DA:336,0
DA:338,0
DA:341,1
DA:343,1
LF:142
LH:130
end_of_record
