SF:lib\models\products.dart
DA:15,8
DA:27,3
DA:28,3
DA:30,6
DA:31,2
DA:34,3
DA:35,4
DA:36,6
DA:37,6
DA:38,6
DA:39,6
DA:40,6
DA:41,6
DA:43,15
DA:44,1
DA:45,3
DA:46,6
DA:47,2
DA:48,1
DA:52,2
DA:53,1
DA:54,1
DA:55,1
DA:56,1
DA:57,1
DA:58,1
DA:59,1
DA:66,2
DA:69,4
DA:70,2
DA:71,2
DA:72,4
DA:73,4
DA:74,0
DA:75,2
DA:76,0
DA:78,0
DA:79,0
DA:80,0
DA:81,0
DA:85,0
LF:41
LH:34
end_of_record
SF:lib\Repositories\cart_manager.dart
DA:10,6
DA:17,5
DA:18,30
DA:19,20
DA:23,13
DA:25,39
DA:29,36
DA:31,6
DA:33,13
DA:34,5
DA:35,3
DA:36,3
DA:37,6
DA:38,5
DA:40,12
DA:42,6
DA:45,2
DA:46,4
DA:47,2
DA:50,2
DA:51,4
DA:52,2
DA:53,8
DA:54,2
DA:58,3
DA:59,6
DA:60,3
DA:61,9
DA:62,3
DA:66,18
DA:68,7
DA:69,14
DA:70,7
LF:33
LH:33
end_of_record
SF:lib\Repositories\union_shop_repository.dart
DA:4,2
DA:5,4
DA:8,1
DA:9,1
DA:12,1
DA:13,1
DA:16,2
DA:17,2
DA:20,2
DA:21,2
DA:24,3
DA:25,3
DA:28,1
DA:29,1
DA:32,1
LF:15
LH:15
end_of_record
SF:lib\views\product_page.dart
DA:10,2
DA:12,2
DA:13,2
DA:24,2
DA:26,2
DA:30,6
DA:32,4
DA:33,4
DA:34,2
DA:35,2
DA:36,4
DA:39,4
DA:40,0
DA:42,6
DA:43,6
DA:46,2
DA:48,4
DA:49,0
DA:60,8
DA:62,6
DA:63,2
DA:65,2
DA:67,2
DA:68,2
DA:69,2
DA:70,2
DA:71,2
DA:72,0
DA:75,0
DA:76,0
DA:77,0
DA:87,2
DA:89,2
DA:92,2
DA:93,2
DA:95,2
DA:97,2
DA:98,4
DA:99,2
DA:101,2
DA:102,2
DA:103,2
DA:104,2
DA:106,0
DA:107,0
DA:117,2
DA:119,2
DA:120,2
DA:121,2
DA:125,2
DA:126,2
DA:127,4
DA:128,1
DA:129,3
DA:133,5
DA:134,2
DA:135,4
DA:148,2
DA:149,2
DA:151,2
DA:153,2
DA:155,2
DA:158,2
DA:160,2
DA:161,4
DA:162,2
DA:165,2
DA:166,2
DA:167,2
DA:168,2
DA:169,4
DA:170,4
DA:171,2
DA:172,4
DA:182,2
DA:184,2
DA:186,2
DA:189,2
DA:191,2
DA:192,4
DA:193,2
DA:196,2
DA:197,2
DA:198,2
DA:199,2
DA:200,4
DA:201,4
DA:202,2
DA:203,4
DA:213,2
DA:215,2
DA:217,2
DA:221,2
DA:223,2
DA:224,4
DA:225,2
DA:228,2
DA:230,2
DA:231,2
DA:233,3
DA:234,4
DA:237,6
DA:239,2
DA:241,3
DA:242,2
DA:256,2
DA:257,2
DA:262,2
DA:264,2
DA:266,2
DA:267,2
DA:268,2
DA:271,2
DA:273,4
DA:275,2
DA:278,2
DA:279,4
DA:282,6
DA:283,6
DA:284,6
DA:286,8
DA:289,2
DA:290,2
DA:291,3
DA:293,2
DA:294,6
DA:300,2
DA:301,4
DA:303,2
DA:304,2
DA:318,4
DA:324,2
DA:326,2
DA:327,2
DA:328,2
DA:329,2
DA:333,0
DA:335,0
DA:336,0
DA:338,0
DA:341,2
DA:343,2
LF:142
LH:130
end_of_record
SF:lib\views\widgets\common_widgets.dart
DA:7,2
DA:9,12
DA:12,12
DA:16,36
DA:18,36
DA:19,24
DA:20,24
DA:21,24
DA:22,24
DA:24,12
DA:26,12
DA:27,12
DA:29,12
DA:31,12
DA:33,12
DA:45,12
DA:48,12
DA:49,12
DA:50,12
DA:51,0
DA:52,0
DA:54,12
DA:55,12
DA:57,12
DA:60,2
DA:61,2
DA:62,2
DA:71,12
DA:72,12
DA:74,12
DA:75,12
DA:76,12
DA:77,1
DA:78,2
DA:80,12
DA:82,12
DA:89,12
DA:90,1
DA:91,2
DA:93,12
DA:95,12
DA:103,2
DA:107,12
DA:109,12
DA:111,12
DA:112,12
DA:113,12
DA:118,12
DA:123,12
DA:124,12
DA:126,12
DA:127,12
DA:132,12
DA:137,0
DA:138,0
DA:141,12
DA:142,12
DA:143,12
DA:144,24
DA:145,30
DA:146,12
DA:148,12
DA:149,12
DA:150,12
DA:155,12
DA:160,4
DA:161,2
DA:163,12
DA:164,6
DA:168,6
DA:174,6
DA:176,6
DA:177,6
DA:180,6
DA:181,6
DA:182,12
DA:196,2
DA:197,2
DA:198,2
DA:199,2
DA:200,2
DA:203,2
DA:205,2
DA:210,2
DA:211,2
DA:212,2
DA:213,2
DA:215,2
DA:216,2
DA:220,8
DA:223,2
DA:231,2
DA:232,2
DA:233,2
DA:234,2
DA:238,2
DA:241,2
DA:243,2
DA:244,2
DA:245,1
DA:246,1
DA:247,1
DA:248,1
DA:249,1
DA:252,2
DA:269,2
DA:270,0
DA:271,0
DA:272,0
DA:273,0
DA:274,0
DA:277,2
DA:320,2
DA:322,9
DA:324,9
DA:326,9
DA:347,2
DA:349,2
DA:351,2
DA:352,2
DA:358,0
DA:359,0
DA:360,0
DA:361,0
DA:366,2
DA:368,4
DA:369,2
DA:372,4
DA:374,2
DA:377,2
DA:379,2
DA:384,2
DA:385,1
DA:386,3
DA:387,4
DA:389,2
DA:392,2
DA:393,2
DA:395,0
DA:396,0
DA:405,2
DA:415,2
DA:416,0
DA:417,0
DA:419,2
DA:422,2
DA:423,2
DA:424,2
DA:427,2
DA:431,2
DA:435,2
DA:437,2
DA:438,2
DA:439,6
DA:440,2
DA:441,4
DA:445,4
DA:450,4
DA:451,2
DA:452,16
LF:160
LH:143
end_of_record
SF:lib\views\about_us.dart
DA:5,2
DA:7,1
LF:2
LH:2
end_of_record
SF:lib\views\cart.dart
DA:6,0
DA:8,0
DA:10,0
DA:13,0
DA:14,0
DA:23,6
DA:25,3
DA:26,3
DA:30,3
DA:32,3
DA:34,3
DA:36,3
DA:38,3
DA:39,3
DA:40,3
DA:41,2
DA:42,2
DA:44,2
DA:47,2
DA:48,0
DA:56,3
DA:58,3
DA:59,3
DA:60,3
DA:61,3
DA:62,3
DA:63,0
DA:64,3
DA:65,3
DA:66,3
DA:68,3
DA:70,3
DA:71,3
DA:72,3
DA:73,6
DA:77,0
DA:80,0
DA:86,3
DA:87,3
DA:89,3
DA:90,9
DA:94,9
DA:100,3
DA:101,3
DA:102,12
DA:106,3
DA:108,4
DA:115,3
DA:116,3
DA:118,3
DA:122,3
DA:123,3
DA:124,3
DA:134,3
DA:135,3
DA:138,9
DA:139,6
DA:142,9
DA:144,3
DA:146,3
DA:147,3
DA:148,2
DA:149,2
DA:155,3
DA:157,3
DA:158,3
DA:159,3
DA:161,3
DA:162,3
DA:163,3
DA:164,3
DA:166,1
DA:167,1
DA:168,2
DA:173,3
DA:176,9
DA:178,3
DA:180,1
DA:181,1
DA:182,2
DA:202,3
DA:205,3
DA:206,3
DA:207,3
DA:208,3
DA:209,3
DA:210,3
DA:211,3
DA:212,9
DA:216,3
DA:217,1
DA:218,1
DA:220,2
DA:222,1
DA:223,3
DA:224,1
DA:225,1
DA:226,1
DA:227,2
DA:229,1
DA:230,1
DA:231,2
DA:237,1
DA:239,1
DA:240,1
DA:242,3
DA:243,1
DA:244,2
LF:108
LH:99
end_of_record
SF:lib\views\not_found.dart
DA:6,2
DA:8,1
LF:2
LH:2
end_of_record
SF:lib\views\authentication.dart
DA:5,2
DA:7,1
DA:8,1
DA:18,1
DA:20,2
DA:21,2
DA:22,2
DA:23,1
DA:26,1
DA:27,3
DA:28,3
DA:29,3
DA:32,3
DA:33,1
DA:34,2
DA:39,2
DA:43,1
DA:44,2
DA:50,1
DA:51,2
DA:54,1
DA:55,1
DA:56,1
DA:62,1
DA:63,1
DA:66,2
DA:72,1
DA:74,1
DA:76,1
DA:77,1
DA:79,1
DA:80,1
DA:81,1
DA:83,1
DA:91,1
DA:92,1
DA:98,1
DA:101,1
DA:102,1
DA:109,1
DA:112,1
DA:113,1
DA:114,1
DA:115,1
DA:119,1
DA:120,1
DA:121,1
DA:123,5
DA:126,1
DA:129,1
DA:130,1
DA:137,1
DA:138,1
DA:140,2
DA:141,2
DA:142,2
DA:143,2
LF:57
LH:57
end_of_record
SF:lib\models\collections.dart
DA:10,3
DA:17,2
DA:18,2
DA:19,2
DA:20,4
DA:21,4
DA:22,4
DA:27,0
DA:28,0
DA:29,0
DA:30,0
DA:34,2
DA:36,4
DA:37,2
DA:38,8
LF:15
LH:11
end_of_record
SF:lib\views\products_page.dart
DA:11,1
DA:13,1
DA:18,1
DA:19,1
DA:23,3
DA:28,1
DA:30,1
DA:32,1
DA:35,1
DA:37,1
DA:38,4
DA:39,2
DA:40,2
DA:41,4
DA:44,1
DA:45,2
DA:46,1
DA:51,1
DA:53,3
DA:54,2
DA:58,3
DA:59,3
DA:60,1
DA:63,0
DA:65,1
DA:67,1
DA:68,2
DA:69,7
DA:70,3
DA:71,1
DA:72,1
DA:73,1
DA:76,1
DA:78,1
DA:80,1
DA:81,1
DA:82,1
DA:83,1
DA:85,1
DA:86,1
DA:87,3
DA:92,1
DA:94,1
DA:95,3
DA:117,1
DA:122,1
DA:124,1
DA:126,1
DA:131,1
DA:133,1
DA:135,1
DA:137,2
DA:138,1
DA:140,1
DA:141,1
DA:144,1
DA:146,1
DA:152,3
DA:154,1
DA:156,1
DA:158,0
DA:159,0
DA:160,0
DA:180,1
DA:182,1
DA:184,1
DA:185,1
DA:188,1
DA:192,1
DA:198,1
DA:199,1
DA:200,1
DA:201,1
DA:202,2
LF:74
LH:70
end_of_record
SF:lib\views\collections.dart
DA:6,0
DA:8,1
DA:10,1
DA:13,1
DA:14,1
DA:23,2
DA:25,1
DA:26,1
DA:31,1
DA:33,1
DA:34,1
DA:38,1
DA:40,1
DA:41,4
DA:42,2
DA:43,2
DA:44,3
DA:47,1
DA:48,2
DA:49,1
DA:54,1
DA:58,3
DA:59,2
DA:61,1
DA:63,1
DA:64,1
DA:65,1
DA:84,1
DA:87,1
DA:90,1
DA:96,2
DA:97,1
DA:98,2
DA:99,1
DA:100,1
DA:101,1
DA:121,1
DA:129,1
DA:131,1
DA:132,1
DA:133,3
DA:134,3
DA:136,1
DA:139,1
DA:140,1
DA:141,1
DA:142,2
DA:143,1
DA:144,1
DA:146,0
DA:147,0
DA:148,0
DA:149,0
DA:150,0
DA:151,0
DA:156,1
DA:157,1
DA:158,1
DA:159,1
DA:160,2
LF:60
LH:53
end_of_record
SF:lib\views\home_page.dart
DA:15,0
DA:17,1
DA:19,1
DA:22,1
DA:23,1
DA:30,1
DA:31,0
DA:32,0
DA:33,0
DA:34,0
DA:37,0
DA:38,0
DA:42,0
DA:45,0
DA:46,0
DA:49,0
DA:52,0
DA:53,0
DA:54,0
DA:56,0
DA:57,0
DA:58,0
DA:59,0
DA:60,0
DA:68,0
DA:69,0
DA:76,0
DA:77,0
DA:78,0
DA:79,0
DA:81,0
DA:82,0
DA:83,0
DA:90,0
DA:91,0
DA:92,0
DA:100,3
DA:101,0
DA:104,1
DA:106,1
DA:107,1
DA:111,1
DA:115,1
DA:117,1
DA:120,1
DA:122,1
DA:123,1
DA:124,4
DA:125,2
DA:126,2
DA:127,5
DA:131,1
DA:132,2
DA:139,0
DA:140,0
DA:143,1
DA:145,3
DA:147,1
DA:149,3
DA:151,5
DA:153,1
DA:155,3
DA:157,5
DA:159,1
DA:161,1
DA:163,1
DA:164,1
DA:165,1
DA:167,1
DA:170,1
DA:171,1
DA:173,1
DA:174,1
DA:183,1
DA:192,1
DA:196,1
DA:198,1
DA:219,1
DA:220,1
DA:221,2
DA:223,1
DA:243,1
DA:245,1
DA:247,1
DA:248,1
DA:257,1
DA:259,1
DA:262,1
DA:263,1
DA:268,1
DA:272,1
DA:279,1
DA:280,1
DA:282,1
DA:285,1
DA:286,1
DA:293,2
DA:305,1
DA:307,1
DA:309,1
DA:310,1
DA:319,1
DA:321,1
DA:324,1
DA:325,1
DA:330,1
DA:334,1
DA:341,1
DA:342,1
DA:344,1
DA:347,1
DA:348,1
DA:355,2
LF:113
LH:79
end_of_record
